ACCESS-CM2_historical_K2 avg:258347.4496499709
ACCESS-CM2_ssp126_K2 avg:296807.0772211026
ACCESS-CM2_ssp245_K2 avg:295025.91722697957
ACCESS-CM2_ssp585_K2 avg:229918.32749968357
CNRM-CM6-1_historical_K2 avg:448982.8243856963
CNRM-CM6-1_ssp126_K2 avg:442329.89372056077
CNRM-CM6-1_ssp245_K2 avg:328170.22366023215
CNRM-CM6-1_ssp585_K2 avg:460182.5295092143
EC-Earth3_historical_K2 avg:261625.95537422624
EC-Earth3_ssp126_K2 avg:248883.46815449427
EC-Earth3_ssp245_K2 avg:257297.17834983786
EC-Earth3_ssp585_K2 avg:254311.28085119842
KACE-1-0-G_historical_K2 avg:1137725.924245558
KACE-1-0-G_ssp126_K2 avg:1315261.6374256155
KACE-1-0-G_ssp245_K2 avg:1233510.0523489444
KACE-1-0-G_ssp585_K2 avg:1294735.909048408
UKESM1-0-LL_historical_K2 avg:942901.9207721003
UKESM1-0-LL_ssp126_K2 avg:984672.6893119124
UKESM1-0-LL_ssp245_K2 avg:1014430.5431568001
UKESM1-0-LL_ssp585_K2 avg:1100208.1209818895
